<testsuites id="" name="" tests="36" failures="0" skipped="0" errors="0" time="569.372409">
<testsuite name="accessibility.spec.ts" timestamp="2026-09-20T06:03:42.183Z" hostname="chromium" tests="6" failures="0" skipped="0" time="67.349" errors="0">
<testcase name="keyboard navigation: Tab, Shift+Tab and Enter/Space activation" classname="accessibility.spec.ts" time="15.859">
<system-out>
<![CDATA[
[[ATTACHMENT|videos/accessibility-keyboard-nav-82d45--and-Enter-Space-activation-chromium/video.webm]]
]]>
</system-out>
</testcase>
<testcase name="modal traps focus and closes on Escape, restoring focus to the trigger" classname="accessibility.spec.ts" time="2.945">
<system-out>
<![CDATA[
[[ATTACHMENT|videos/accessibility-modal-traps--00b78-toring-focus-to-the-trigger-chromium/video.webm]]
]]>
</system-out>
</testcase>
<testcase name="ARIA live regions announce save status and evaluation progress" classname="accessibility.spec.ts" time="21.877">
<system-out>
<![CDATA[
[[ATTACHMENT|videos/accessibility-ARIA-live-re-8b342-tus-and-evaluation-progress-chromium/video.webm]]
]]>
</system-out>
</testcase>
<testcase name="axe-core: course library page has zero accessibility violations" classname="accessibility.spec.ts" time="3.724">
<system-out>
<![CDATA[
[[ATTACHMENT|videos/accessibility-axe-core-cou-fdf94-ro-accessibility-violations-chromium/video.webm]]

[[ATTACHMENT|videos/accessibility-axe-core-cou-fdf94-ro-accessibility-violations-chromium/video-1.webm]]
]]>
</system-out>
</testcase>
<testcase name="axe-core: workspace page has zero accessibility violations" classname="accessibility.spec.ts" time="18.814">
<system-out>
<![CDATA[
[[ATTACHMENT|videos/accessibility-axe-core-wor-49036-ro-accessibility-violations-chromium/video.webm]]

[[ATTACHMENT|videos/accessibility-axe-core-wor-49036-ro-accessibility-violations-chromium/video-1.webm]]
]]>
</system-out>
</testcase>
<testcase name="axe-core: trust modal has zero accessibility violations" classname="accessibility.spec.ts" time="4.13">
<system-out>
<![CDATA[
[[ATTACHMENT|videos/accessibility-axe-core-tru-1c0d3-ro-accessibility-violations-chromium/video.webm]]

[[ATTACHMENT|videos/accessibility-axe-core-tru-1c0d3-ro-accessibility-violations-chromium/video-1.webm]]
]]>
</system-out>
</testcase>
</testsuite>
<testsuite name="course-generation-journey.spec.ts" timestamp="2026-09-20T06:03:42.183Z" hostname="chromium" tests="3" failures="0" skipped="0" time="106.743" errors="0">
<testcase name="python: full Q2 journey from description to completed transfer" classname="course-generation-journey.spec.ts" time="48.459">
<system-out>
<![CDATA[
[[ATTACHMENT|videos/course-generation-journey--03777-ption-to-completed-transfer-chromium/video.webm]]
]]>
</system-out>
</testcase>
<testcase name="finance: response-form journey with wrong values, conflict and completion" classname="course-generation-journey.spec.ts" time="29.618">
<system-out>
<![CDATA[
[[ATTACHMENT|videos/course-generation-journey--00c97-ues-conflict-and-completion-chromium/video.webm]]

[[ATTACHMENT|videos/course-generation-journey--00c97-ues-conflict-and-completion-chromium/video-1.webm]]
]]>
</system-out>
</testcase>
<testcase name="management: keyboard-only creation and completion (A15/A17)" classname="course-generation-journey.spec.ts" time="28.666">
<system-out>
<![CDATA[FAKE-CALLS [{"kind":"extract_interview","operation_id":"f5689fbb-55c5-409e-a02f-71e7a5602f33","unit_id":"","at":1789884340.1797323},{"kind":"propose_learning_map","operation_id":"318ee4c6-54fd-4d3c-9016-43cd384f322c","unit_id":"","at":1789884342.900055},{"kind":"materialize_unit","operation_id":"5a5a1aff-a072-4ed2-ab3e-b8592e471525","unit_id":"u1","at":1789884345.825361},{"kind":"materialize_unit","operation_id":"e38904b3-ba16-4a88-af43-d61a5129fdcf","unit_id":"u2","at":1789884346.130871},{"kind":"extract_interview","operation_id":"d89b546d-759e-4fed-8cdb-0888321514ee","unit_id":"","at":1789884369.7596893},{"kind":"propose_learning_map","operation_id":"33381ebe-ba1b-4204-9603-51d4fd8b1978","unit_id":"","at":1789884372.5307488},{"kind":"materialize_unit","operation_id":"83b6085d-22af-4cf5-8a34-19f3c7076abf","unit_id":"u1","at":1789884374.9057899},{"kind":"materialize_unit","operation_id":"2228ee12-eaab-406e-a2ce-36ac4f91c91b","unit_id":"u2","at":1789884375.2091274}]

[[ATTACHMENT|videos/course-generation-journey--d0ac3-ion-and-completion-A15-A17--chromium/video.webm]]
]]>
</system-out>
</testcase>
</testsuite>
<testsuite name="course-generation-recovery.spec.ts" timestamp="2026-09-20T06:03:42.183Z" hostname="chromium" tests="5" failures="0" skipped="0" time="65.28" errors="0">
<testcase name="capabilities read failure: library notice, wizard guidance, library intact" classname="course-generation-recovery.spec.ts" time="2.903">
<system-out>
<![CDATA[
[[ATTACHMENT|videos/course-generation-recovery-96921-ard-guidance-library-intact-chromium/video.webm]]
]]>
</system-out>
</testcase>
<testcase name="provider transport failure mid-creation: interrupted guidance, resume, library intact" classname="course-generation-recovery.spec.ts" time="19.719">
<system-out>
<![CDATA[
[[ATTACHMENT|videos/course-generation-recovery-ceb88-dance-resume-library-intact-chromium/video.webm]]
]]>
</system-out>
</testcase>
<testcase name="interrupted mid-flight: completed checkpoints are not regenerated" classname="course-generation-recovery.spec.ts" time="11.125">
<system-out>
<![CDATA[
[[ATTACHMENT|videos/course-generation-recovery-7052d-kpoints-are-not-regenerated-chromium/video.webm]]
]]>
</system-out>
</testcase>
<testcase name="two tabs: stale plan is never materialized" classname="course-generation-recovery.spec.ts" time="16.794">
<system-out>
<![CDATA[
[[ATTACHMENT|videos/course-generation-recovery-8ab7a--plan-is-never-materialized-chromium/video.webm]]

[[ATTACHMENT|videos/course-generation-recovery-8ab7a--plan-is-never-materialized-chromium/video-1.webm]]
]]>
</system-out>
</testcase>
<testcase name="failed publication: retry_publication republishes without regeneration" classname="course-generation-recovery.spec.ts" time="14.739">
<system-out>
<![CDATA[
[[ATTACHMENT|videos/course-generation-recovery-262ae-lishes-without-regeneration-chromium/video.webm]]
]]>
</system-out>
</testcase>
</testsuite>
<testsuite name="dev-menu.spec.ts" timestamp="2026-09-20T06:03:42.183Z" hostname="chromium" tests="1" failures="0" skipped="0" time="1.089" errors="0">
<testcase name="learner menu has no Prompt Lab item on a non-dev server" classname="dev-menu.spec.ts" time="1.089">
<system-out>
<![CDATA[
[[ATTACHMENT|videos/dev-menu-learner-menu-has--c2a68-ab-item-on-a-non-dev-server-chromium/video.webm]]
]]>
</system-out>
</testcase>
</testsuite>
<testsuite name="learner-journey.spec.ts" timestamp="2026-09-20T06:03:42.183Z" hostname="chromium" tests="2" failures="0" skipped="0" time="29.924" errors="0">
<testcase name="select, learn theory, practice, check and advance a course" classname="learner-journey.spec.ts" time="18.939">
<system-out>
<![CDATA[
[[ATTACHMENT|videos/learner-journey-select-lea-b6d13--check-and-advance-a-course-chromium/video.webm]]
]]>
</system-out>
</testcase>
<testcase name="mixed unit serves theory, quiz and code tabs in one workspace" classname="learner-journey.spec.ts" time="10.985">
<system-out>
<![CDATA[
[[ATTACHMENT|videos/learner-journey-mixed-unit-5c837--code-tabs-in-one-workspace-chromium/video.webm]]
]]>
</system-out>
</testcase>
</testsuite>
<testsuite name="mentor.spec.ts" timestamp="2026-09-20T06:03:42.183Z" hostname="chromium" tests="14" failures="0" skipped="0" time="203.586" errors="0">
<testcase name="new unit selects Rubric and keeps Mentor descendants hidden" classname="mentor.spec.ts" time="7.544">
<system-out>
<![CDATA[
[[ATTACHMENT|videos/mentor-new-unit-selects-Ru-6aba9-s-Mentor-descendants-hidden-chromium/video.webm]]
]]>
</system-out>
</testcase>
<testcase name="Mentor tab shows History, New chat, context chips and composer" classname="mentor.spec.ts" time="11.805">
<system-out>
<![CDATA[
[[ATTACHMENT|videos/mentor-Mentor-tab-shows-Hi-5ac6a--context-chips-and-composer-chromium/video.webm]]
]]>
</system-out>
</testcase>
<testcase name="New chat persists a durable thread that History can restore after reload" classname="mentor.spec.ts" time="23.111">
<system-out>
<![CDATA[
[[ATTACHMENT|videos/mentor-New-chat-persists-a-85405-ry-can-restore-after-reload-chromium/video.webm]]
]]>
</system-out>
</testcase>
<testcase name="context chips follow the workspace Theory, Quiz and Practice tabs" classname="mentor.spec.ts" time="8.324">
<system-out>
<![CDATA[
[[ATTACHMENT|videos/mentor-context-chips-follo-2e3a9-eory-Quiz-and-Practice-tabs-chromium/video.webm]]
]]>
</system-out>
</testcase>
<testcase name="cold transfer keeps Rubric selected and removes Mentor affordances" classname="mentor.spec.ts" time="7.16">
<system-out>
<![CDATA[
[[ATTACHMENT|videos/mentor-cold-transfer-keeps-18520--removes-Mentor-affordances-chromium/video.webm]]
]]>
</system-out>
</testcase>
<testcase name="pending human review suppresses Check and Next while Mentor stays available" classname="mentor.spec.ts" time="10.071">
<system-out>
<![CDATA[
[[ATTACHMENT|videos/mentor-pending-human-revie-75fd2-hile-Mentor-stays-available-chromium/video.webm]]
]]>
</system-out>
</testcase>
<testcase name="axe-core: Mentor tab and History dialog have zero accessibility violations" classname="mentor.spec.ts" time="12.451">
<system-out>
<![CDATA[
[[ATTACHMENT|videos/mentor-axe-core-Mentor-tab-59291-ro-accessibility-violations-chromium/video-1.webm]]

[[ATTACHMENT|videos/mentor-axe-core-Mentor-tab-59291-ro-accessibility-violations-chromium/video-2.webm]]

[[ATTACHMENT|videos/mentor-axe-core-Mentor-tab-59291-ro-accessibility-violations-chromium/video.webm]]
]]>
</system-out>
</testcase>
<testcase name="compact viewport keeps exactly three global choices and 44px Support targets" classname="mentor.spec.ts" time="11.353">
<system-out>
<![CDATA[
[[ATTACHMENT|videos/mentor-compact-viewport-ke-aa68b-es-and-44px-Support-targets-chromium/video.webm]]
]]>
</system-out>
</testcase>
<testcase name="narrow viewport History is a labelled drawer that closes on Escape" classname="mentor.spec.ts" time="10.505">
<system-out>
<![CDATA[
[[ATTACHMENT|videos/mentor-narrow-viewport-His-d77e0-rawer-that-closes-on-Escape-chromium/video.webm]]
]]>
</system-out>
</testcase>
<testcase name="send posts the help turn, streams the fake provider reply and marks it Saved" classname="mentor.spec.ts" time="11.86">
<system-out>
<![CDATA[
[[ATTACHMENT|videos/mentor-send-posts-the-help-06395-er-reply-and-marks-it-Saved-chromium/video.webm]]
]]>
</system-out>
</testcase>
<testcase name="New chat double activation creates at most one additional thread" classname="mentor.spec.ts" time="11.777">
<system-out>
<![CDATA[
[[ATTACHMENT|videos/mentor-New-chat-double-act-4495d--most-one-additional-thread-chromium/video.webm]]
]]>
</system-out>
</testcase>
<testcase name="practice answer turns stale after the workspace revision changes and a reload" classname="mentor.spec.ts" time="42.117">
<system-out>
<![CDATA[
[[ATTACHMENT|videos/mentor-practice-answer-tur-09d49-vision-changes-and-a-reload-chromium/video.webm]]
]]>
</system-out>
</testcase>
<testcase name="provider failure keeps the composer usable and a later send can succeed" classname="mentor.spec.ts" time="12.361">
<system-out>
<![CDATA[
[[ATTACHMENT|videos/mentor-provider-failure-ke-7877a-nd-a-later-send-can-succeed-chromium/video.webm]]
]]>
</system-out>
</testcase>
<testcase name="reload keeps the in-flight help operation identity for reconnect" classname="mentor.spec.ts" time="23.147">
<system-out>
<![CDATA[
[[ATTACHMENT|videos/mentor-reload-keeps-the-in-f0dd3-tion-identity-for-reconnect-chromium/video.webm]]
]]>
</system-out>
</testcase>
</testsuite>
<testsuite name="responsive-matrix.spec.ts" timestamp="2026-09-20T06:03:42.183Z" hostname="chromium" tests="4" failures="0" skipped="0" time="85.321" errors="0">
<testcase name="wide viewport (1440x900) › library and workspace fit without overflow and keep 44px targets" classname="responsive-matrix.spec.ts" time="27.564">
<system-out>
<![CDATA[
[[ATTACHMENT|videos/responsive-matrix-wide-vie-864bc-rflow-and-keep-44px-targets-chromium/video.webm]]
]]>
</system-out>
</testcase>
<testcase name="compact viewport (1024x768) › library and workspace fit without overflow and keep 44px targets" classname="responsive-matrix.spec.ts" time="28.127">
<system-out>
<![CDATA[
[[ATTACHMENT|videos/responsive-matrix-compact--3dcbe-rflow-and-keep-44px-targets-chromium/video.webm]]
]]>
</system-out>
</testcase>
<testcase name="narrow viewport (375x667) › library and workspace fit without overflow and keep 44px targets" classname="responsive-matrix.spec.ts" time="24.246">
<system-out>
<![CDATA[
[[ATTACHMENT|videos/responsive-matrix-narrow-v-8b822-rflow-and-keep-44px-targets-chromium/video.webm]]
]]>
</system-out>
</testcase>
<testcase name="narrow viewport: trust modal fits within screen bounds and dismisses on Escape" classname="responsive-matrix.spec.ts" time="5.384">
<system-out>
<![CDATA[
[[ATTACHMENT|videos/responsive-matrix-narrow-v-b7bda-nds-and-dismisses-on-Escape-chromium/video.webm]]
]]>
</system-out>
</testcase>
</testsuite>
<testsuite name="smoke.spec.ts" timestamp="2026-09-20T06:03:42.183Z" hostname="chromium" tests="1" failures="0" skipped="0" time="0.872" errors="0">
<testcase name="renders the learner SPA shell at /app/" classname="smoke.spec.ts" time="0.872">
<system-out>
<![CDATA[
[[ATTACHMENT|videos/smoke-renders-the-learner-SPA-shell-at-app--chromium/video.webm]]
]]>
</system-out>
</testcase>
</testsuite>
</testsuites>