<testsuites id="" name="" tests="36" failures="0" skipped="0" errors="0" time="664.8467730000001">
<testsuite name="accessibility.spec.ts" timestamp="2026-09-19T00:09:39.111Z" hostname="chromium" tests="6" failures="0" skipped="0" time="75.931" errors="0">
<testcase name="keyboard navigation: Tab, Shift+Tab and Enter/Space activation" classname="accessibility.spec.ts" time="20.05">
<system-out>
<![CDATA[
[[ATTACHMENT|videos/accessibility-keyboard-nav-82d45--and-Enter-Space-activation-chromium/video.webm]]
]]>
</system-out>
</testcase>
<testcase name="modal traps focus and closes on Escape, restoring focus to the trigger" classname="accessibility.spec.ts" time="3.75">
<system-out>
<![CDATA[
[[ATTACHMENT|videos/accessibility-modal-traps--00b78-toring-focus-to-the-trigger-chromium/video.webm]]
]]>
</system-out>
</testcase>
<testcase name="ARIA live regions announce save status and evaluation progress" classname="accessibility.spec.ts" time="22.467">
<system-out>
<![CDATA[
[[ATTACHMENT|videos/accessibility-ARIA-live-re-8b342-tus-and-evaluation-progress-chromium/video.webm]]
]]>
</system-out>
</testcase>
<testcase name="axe-core: course library page has zero accessibility violations" classname="accessibility.spec.ts" time="4.426">
<system-out>
<![CDATA[
[[ATTACHMENT|videos/accessibility-axe-core-cou-fdf94-ro-accessibility-violations-chromium/video.webm]]

[[ATTACHMENT|videos/accessibility-axe-core-cou-fdf94-ro-accessibility-violations-chromium/video-1.webm]]
]]>
</system-out>
</testcase>
<testcase name="axe-core: workspace page has zero accessibility violations" classname="accessibility.spec.ts" time="20.417">
<system-out>
<![CDATA[
[[ATTACHMENT|videos/accessibility-axe-core-wor-49036-ro-accessibility-violations-chromium/video.webm]]

[[ATTACHMENT|videos/accessibility-axe-core-wor-49036-ro-accessibility-violations-chromium/video-1.webm]]
]]>
</system-out>
</testcase>
<testcase name="axe-core: trust modal has zero accessibility violations" classname="accessibility.spec.ts" time="4.821">
<system-out>
<![CDATA[
[[ATTACHMENT|videos/accessibility-axe-core-tru-1c0d3-ro-accessibility-violations-chromium/video.webm]]

[[ATTACHMENT|videos/accessibility-axe-core-tru-1c0d3-ro-accessibility-violations-chromium/video-1.webm]]
]]>
</system-out>
</testcase>
</testsuite>
<testsuite name="course-generation-journey.spec.ts" timestamp="2026-09-19T00:09:39.111Z" hostname="chromium" tests="3" failures="0" skipped="0" time="129.021" errors="0">
<testcase name="python: full Q2 journey from description to completed transfer" classname="course-generation-journey.spec.ts" time="58.441">
<system-out>
<![CDATA[
[[ATTACHMENT|videos/course-generation-journey--03777-ption-to-completed-transfer-chromium/video.webm]]
]]>
</system-out>
</testcase>
<testcase name="finance: response-form journey with wrong values, conflict and completion" classname="course-generation-journey.spec.ts" time="36.287">
<system-out>
<![CDATA[
[[ATTACHMENT|videos/course-generation-journey--00c97-ues-conflict-and-completion-chromium/video-1.webm]]

[[ATTACHMENT|videos/course-generation-journey--00c97-ues-conflict-and-completion-chromium/video.webm]]
]]>
</system-out>
</testcase>
<testcase name="management: keyboard-only creation and completion (A15/A17)" classname="course-generation-journey.spec.ts" time="34.293">
<system-out>
<![CDATA[FAKE-CALLS [{"kind":"extract_interview","operation_id":"12e26d96-7c15-4327-92e3-cbc175ae6ce7","unit_id":"","at":1789776716.0893595},{"kind":"propose_learning_map","operation_id":"9daecba8-1fd1-4d3c-9e36-0905c132e148","unit_id":"","at":1789776718.845767},{"kind":"materialize_unit","operation_id":"2dbb34b5-3ba1-4ca1-baa7-fc22746f0f23","unit_id":"u1","at":1789776721.3644965},{"kind":"materialize_unit","operation_id":"1aa2cdb0-bc04-43ea-a17a-59d6ce3fa3ca","unit_id":"u2","at":1789776721.6933897},{"kind":"extract_interview","operation_id":"859994f4-3c2c-402a-864d-0fcd86f01cfd","unit_id":"","at":1789776752.2468064},{"kind":"propose_learning_map","operation_id":"7855e76e-fc94-4a99-9e06-c7224b096f31","unit_id":"","at":1789776755.220262},{"kind":"materialize_unit","operation_id":"701bc21c-efe7-4895-9027-55dd97a39757","unit_id":"u1","at":1789776758.1355884},{"kind":"materialize_unit","operation_id":"519237ff-6494-4d26-9973-12e8c361bbcc","unit_id":"u2","at":1789776758.4452615}]

[[ATTACHMENT|videos/course-generation-journey--d0ac3-ion-and-completion-A15-A17--chromium/video.webm]]
]]>
</system-out>
</testcase>
</testsuite>
<testsuite name="course-generation-recovery.spec.ts" timestamp="2026-09-19T00:09:39.111Z" hostname="chromium" tests="5" failures="0" skipped="0" time="82.144" errors="0">
<testcase name="capabilities read failure: library notice, wizard guidance, library intact" classname="course-generation-recovery.spec.ts" time="3.49">
<system-out>
<![CDATA[
[[ATTACHMENT|videos/course-generation-recovery-96921-ard-guidance-library-intact-chromium/video.webm]]
]]>
</system-out>
</testcase>
<testcase name="provider transport failure mid-creation: interrupted guidance, resume, library intact" classname="course-generation-recovery.spec.ts" time="25.371">
<system-out>
<![CDATA[
[[ATTACHMENT|videos/course-generation-recovery-ceb88-dance-resume-library-intact-chromium/video.webm]]
]]>
</system-out>
</testcase>
<testcase name="interrupted mid-flight: completed checkpoints are not regenerated" classname="course-generation-recovery.spec.ts" time="11.296">
<system-out>
<![CDATA[
[[ATTACHMENT|videos/course-generation-recovery-7052d-kpoints-are-not-regenerated-chromium/video.webm]]
]]>
</system-out>
</testcase>
<testcase name="two tabs: stale plan is never materialized" classname="course-generation-recovery.spec.ts" time="21.466">
<system-out>
<![CDATA[
[[ATTACHMENT|videos/course-generation-recovery-8ab7a--plan-is-never-materialized-chromium/video.webm]]

[[ATTACHMENT|videos/course-generation-recovery-8ab7a--plan-is-never-materialized-chromium/video-1.webm]]
]]>
</system-out>
</testcase>
<testcase name="failed publication: retry_publication republishes without regeneration" classname="course-generation-recovery.spec.ts" time="20.521">
<system-out>
<![CDATA[
[[ATTACHMENT|videos/course-generation-recovery-262ae-lishes-without-regeneration-chromium/video.webm]]
]]>
</system-out>
</testcase>
</testsuite>
<testsuite name="dev-menu.spec.ts" timestamp="2026-09-19T00:09:39.111Z" hostname="chromium" tests="1" failures="0" skipped="0" time="1.114" errors="0">
<testcase name="learner menu has no Prompt Lab item on a non-dev server" classname="dev-menu.spec.ts" time="1.114">
<system-out>
<![CDATA[
[[ATTACHMENT|videos/dev-menu-learner-menu-has--c2a68-ab-item-on-a-non-dev-server-chromium/video.webm]]
]]>
</system-out>
</testcase>
</testsuite>
<testsuite name="learner-journey.spec.ts" timestamp="2026-09-19T00:09:39.111Z" hostname="chromium" tests="2" failures="0" skipped="0" time="37.417" errors="0">
<testcase name="select, learn theory, practice, check and advance a course" classname="learner-journey.spec.ts" time="22.623">
<system-out>
<![CDATA[
[[ATTACHMENT|videos/learner-journey-select-lea-b6d13--check-and-advance-a-course-chromium/video.webm]]
]]>
</system-out>
</testcase>
<testcase name="mixed unit serves theory, quiz and code tabs in one workspace" classname="learner-journey.spec.ts" time="14.794">
<system-out>
<![CDATA[
[[ATTACHMENT|videos/learner-journey-mixed-unit-5c837--code-tabs-in-one-workspace-chromium/video.webm]]
]]>
</system-out>
</testcase>
</testsuite>
<testsuite name="mentor.spec.ts" timestamp="2026-09-19T00:09:39.111Z" hostname="chromium" tests="14" failures="0" skipped="0" time="232.303" errors="0">
<testcase name="new unit selects Rubric and keeps Mentor descendants hidden" classname="mentor.spec.ts" time="9.785">
<system-out>
<![CDATA[
[[ATTACHMENT|videos/mentor-new-unit-selects-Ru-6aba9-s-Mentor-descendants-hidden-chromium/video.webm]]
]]>
</system-out>
</testcase>
<testcase name="Mentor tab shows History, New chat, context chips and composer" classname="mentor.spec.ts" time="12.776">
<system-out>
<![CDATA[
[[ATTACHMENT|videos/mentor-Mentor-tab-shows-Hi-5ac6a--context-chips-and-composer-chromium/video.webm]]
]]>
</system-out>
</testcase>
<testcase name="New chat persists a durable thread that History can restore after reload" classname="mentor.spec.ts" time="25.513">
<system-out>
<![CDATA[
[[ATTACHMENT|videos/mentor-New-chat-persists-a-85405-ry-can-restore-after-reload-chromium/video.webm]]
]]>
</system-out>
</testcase>
<testcase name="context chips follow the workspace Theory, Quiz and Practice tabs" classname="mentor.spec.ts" time="9.929">
<system-out>
<![CDATA[
[[ATTACHMENT|videos/mentor-context-chips-follo-2e3a9-eory-Quiz-and-Practice-tabs-chromium/video.webm]]
]]>
</system-out>
</testcase>
<testcase name="cold transfer keeps Rubric selected and removes Mentor affordances" classname="mentor.spec.ts" time="8.303">
<system-out>
<![CDATA[
[[ATTACHMENT|videos/mentor-cold-transfer-keeps-18520--removes-Mentor-affordances-chromium/video.webm]]
]]>
</system-out>
</testcase>
<testcase name="pending human review suppresses Check and Next while Mentor stays available" classname="mentor.spec.ts" time="13.069">
<system-out>
<![CDATA[
[[ATTACHMENT|videos/mentor-pending-human-revie-75fd2-hile-Mentor-stays-available-chromium/video.webm]]
]]>
</system-out>
</testcase>
<testcase name="axe-core: Mentor tab and History dialog have zero accessibility violations" classname="mentor.spec.ts" time="14.169">
<system-out>
<![CDATA[
[[ATTACHMENT|videos/mentor-axe-core-Mentor-tab-59291-ro-accessibility-violations-chromium/video-1.webm]]

[[ATTACHMENT|videos/mentor-axe-core-Mentor-tab-59291-ro-accessibility-violations-chromium/video-2.webm]]

[[ATTACHMENT|videos/mentor-axe-core-Mentor-tab-59291-ro-accessibility-violations-chromium/video.webm]]
]]>
</system-out>
</testcase>
<testcase name="compact viewport keeps exactly three global choices and 44px Support targets" classname="mentor.spec.ts" time="13.083">
<system-out>
<![CDATA[
[[ATTACHMENT|videos/mentor-compact-viewport-ke-aa68b-es-and-44px-Support-targets-chromium/video.webm]]
]]>
</system-out>
</testcase>
<testcase name="narrow viewport History is a labelled drawer that closes on Escape" classname="mentor.spec.ts" time="11.153">
<system-out>
<![CDATA[
[[ATTACHMENT|videos/mentor-narrow-viewport-His-d77e0-rawer-that-closes-on-Escape-chromium/video.webm]]
]]>
</system-out>
</testcase>
<testcase name="send posts the help turn, streams the fake provider reply and marks it Saved" classname="mentor.spec.ts" time="13.7">
<system-out>
<![CDATA[
[[ATTACHMENT|videos/mentor-send-posts-the-help-06395-er-reply-and-marks-it-Saved-chromium/video.webm]]
]]>
</system-out>
</testcase>
<testcase name="New chat double activation creates at most one additional thread" classname="mentor.spec.ts" time="13.098">
<system-out>
<![CDATA[
[[ATTACHMENT|videos/mentor-New-chat-double-act-4495d--most-one-additional-thread-chromium/video.webm]]
]]>
</system-out>
</testcase>
<testcase name="practice answer turns stale after the workspace revision changes and a reload" classname="mentor.spec.ts" time="47.384">
<system-out>
<![CDATA[
[[ATTACHMENT|videos/mentor-practice-answer-tur-09d49-vision-changes-and-a-reload-chromium/video.webm]]
]]>
</system-out>
</testcase>
<testcase name="provider failure keeps the composer usable and a later send can succeed" classname="mentor.spec.ts" time="14.195">
<system-out>
<![CDATA[
[[ATTACHMENT|videos/mentor-provider-failure-ke-7877a-nd-a-later-send-can-succeed-chromium/video.webm]]
]]>
</system-out>
</testcase>
<testcase name="reload keeps the in-flight help operation identity for reconnect" classname="mentor.spec.ts" time="26.146">
<system-out>
<![CDATA[
[[ATTACHMENT|videos/mentor-reload-keeps-the-in-f0dd3-tion-identity-for-reconnect-chromium/video.webm]]
]]>
</system-out>
</testcase>
</testsuite>
<testsuite name="responsive-matrix.spec.ts" timestamp="2026-09-19T00:09:39.111Z" hostname="chromium" tests="4" failures="0" skipped="0" time="96.398" errors="0">
<testcase name="wide viewport (1440x900) › library and workspace fit without overflow and keep 44px targets" classname="responsive-matrix.spec.ts" time="30.994">
<system-out>
<![CDATA[
[[ATTACHMENT|videos/responsive-matrix-wide-vie-864bc-rflow-and-keep-44px-targets-chromium/video.webm]]
]]>
</system-out>
</testcase>
<testcase name="compact viewport (1024x768) › library and workspace fit without overflow and keep 44px targets" classname="responsive-matrix.spec.ts" time="31.067">
<system-out>
<![CDATA[
[[ATTACHMENT|videos/responsive-matrix-compact--3dcbe-rflow-and-keep-44px-targets-chromium/video.webm]]
]]>
</system-out>
</testcase>
<testcase name="narrow viewport (375x667) › library and workspace fit without overflow and keep 44px targets" classname="responsive-matrix.spec.ts" time="27.782">
<system-out>
<![CDATA[
[[ATTACHMENT|videos/responsive-matrix-narrow-v-8b822-rflow-and-keep-44px-targets-chromium/video.webm]]
]]>
</system-out>
</testcase>
<testcase name="narrow viewport: trust modal fits within screen bounds and dismisses on Escape" classname="responsive-matrix.spec.ts" time="6.555">
<system-out>
<![CDATA[
[[ATTACHMENT|videos/responsive-matrix-narrow-v-b7bda-nds-and-dismisses-on-Escape-chromium/video.webm]]
]]>
</system-out>
</testcase>
</testsuite>
<testsuite name="smoke.spec.ts" timestamp="2026-09-19T00:09:39.111Z" hostname="chromium" tests="1" failures="0" skipped="0" time="0.93" errors="0">
<testcase name="renders the learner SPA shell at /app/" classname="smoke.spec.ts" time="0.93">
<system-out>
<![CDATA[
[[ATTACHMENT|videos/smoke-renders-the-learner-SPA-shell-at-app--chromium/video.webm]]
]]>
</system-out>
</testcase>
</testsuite>
</testsuites>