<testsuites id="" name="" tests="35" failures="0" skipped="0" errors="0" time="587.700028">
<testsuite name="accessibility.spec.ts" timestamp="2026-09-17T12:12:14.336Z" hostname="chromium" tests="6" failures="0" skipped="0" time="68.871" errors="0">
<testcase name="keyboard navigation: Tab, Shift+Tab and Enter/Space activation" classname="accessibility.spec.ts" time="17.109">
<system-out>
<![CDATA[
[[ATTACHMENT|videos/accessibility-keyboard-nav-82d45--and-Enter-Space-activation-chromium/video.webm]]
]]>
</system-out>
</testcase>
<testcase name="modal traps focus and closes on Escape, restoring focus to the trigger" classname="accessibility.spec.ts" time="3.615">
<system-out>
<![CDATA[
[[ATTACHMENT|videos/accessibility-modal-traps--00b78-toring-focus-to-the-trigger-chromium/video.webm]]
]]>
</system-out>
</testcase>
<testcase name="ARIA live regions announce save status and evaluation progress" classname="accessibility.spec.ts" time="21.083">
<system-out>
<![CDATA[
[[ATTACHMENT|videos/accessibility-ARIA-live-re-8b342-tus-and-evaluation-progress-chromium/video.webm]]
]]>
</system-out>
</testcase>
<testcase name="axe-core: course library page has zero accessibility violations" classname="accessibility.spec.ts" time="3.92">
<system-out>
<![CDATA[
[[ATTACHMENT|videos/accessibility-axe-core-cou-fdf94-ro-accessibility-violations-chromium/video.webm]]

[[ATTACHMENT|videos/accessibility-axe-core-cou-fdf94-ro-accessibility-violations-chromium/video-1.webm]]
]]>
</system-out>
</testcase>
<testcase name="axe-core: workspace page has zero accessibility violations" classname="accessibility.spec.ts" time="18.981">
<system-out>
<![CDATA[
[[ATTACHMENT|videos/accessibility-axe-core-wor-49036-ro-accessibility-violations-chromium/video.webm]]

[[ATTACHMENT|videos/accessibility-axe-core-wor-49036-ro-accessibility-violations-chromium/video-1.webm]]
]]>
</system-out>
</testcase>
<testcase name="axe-core: trust modal has zero accessibility violations" classname="accessibility.spec.ts" time="4.163">
<system-out>
<![CDATA[
[[ATTACHMENT|videos/accessibility-axe-core-tru-1c0d3-ro-accessibility-violations-chromium/video.webm]]

[[ATTACHMENT|videos/accessibility-axe-core-tru-1c0d3-ro-accessibility-violations-chromium/video-1.webm]]
]]>
</system-out>
</testcase>
</testsuite>
<testsuite name="course-generation-journey.spec.ts" timestamp="2026-09-17T12:12:14.336Z" hostname="chromium" tests="3" failures="0" skipped="0" time="111.851" errors="0">
<testcase name="python: full Q2 journey from description to completed transfer" classname="course-generation-journey.spec.ts" time="48.887">
<system-out>
<![CDATA[
[[ATTACHMENT|videos/course-generation-journey--03777-ption-to-completed-transfer-chromium/video.webm]]
]]>
</system-out>
</testcase>
<testcase name="finance: response-form journey with wrong values, conflict and completion" classname="course-generation-journey.spec.ts" time="31.915">
<system-out>
<![CDATA[
[[ATTACHMENT|videos/course-generation-journey--00c97-ues-conflict-and-completion-chromium/video-1.webm]]

[[ATTACHMENT|videos/course-generation-journey--00c97-ues-conflict-and-completion-chromium/video.webm]]
]]>
</system-out>
</testcase>
<testcase name="management: keyboard-only creation and completion (A15/A17)" classname="course-generation-journey.spec.ts" time="31.049">
<system-out>
<![CDATA[FAKE-CALLS [{"kind":"extract_interview","operation_id":"88fc4f1f-c091-423a-bcbd-f57f458211b7","unit_id":"","at":1789647254.316011},{"kind":"propose_learning_map","operation_id":"5a2ae696-9a31-4925-9981-c2df63aaa316","unit_id":"","at":1789647257.2134697},{"kind":"materialize_unit","operation_id":"93598cf9-c991-4bdc-a48b-80655a31e351","unit_id":"u1","at":1789647259.585586},{"kind":"materialize_unit","operation_id":"8ae4659d-11ad-4525-8ccf-d612efd7e1dd","unit_id":"u2","at":1789647259.9144533},{"kind":"extract_interview","operation_id":"e924f6c4-abbc-4d4f-b1d3-e8ec46e30a39","unit_id":"","at":1789647286.1931472},{"kind":"propose_learning_map","operation_id":"b62e30c7-5884-4a69-b488-e56423e6e3f4","unit_id":"","at":1789647288.6988065},{"kind":"materialize_unit","operation_id":"ad1a243d-b8a1-4b72-b290-4ea8bd61d170","unit_id":"u1","at":1789647291.086158},{"kind":"materialize_unit","operation_id":"2d7b2086-38bb-4058-af52-0d048c501770","unit_id":"u2","at":1789647291.4150114}]

[[ATTACHMENT|videos/course-generation-journey--d0ac3-ion-and-completion-A15-A17--chromium/video.webm]]
]]>
</system-out>
</testcase>
</testsuite>
<testsuite name="course-generation-recovery.spec.ts" timestamp="2026-09-17T12:12:14.336Z" hostname="chromium" tests="5" failures="0" skipped="0" time="74.152" errors="0">
<testcase name="capabilities read failure: library notice, wizard guidance, library intact" classname="course-generation-recovery.spec.ts" time="3.149">
<system-out>
<![CDATA[
[[ATTACHMENT|videos/course-generation-recovery-96921-ard-guidance-library-intact-chromium/video.webm]]
]]>
</system-out>
</testcase>
<testcase name="provider transport failure mid-creation: interrupted guidance, resume, library intact" classname="course-generation-recovery.spec.ts" time="19.881">
<system-out>
<![CDATA[
[[ATTACHMENT|videos/course-generation-recovery-ceb88-dance-resume-library-intact-chromium/video.webm]]
]]>
</system-out>
</testcase>
<testcase name="interrupted mid-flight: completed checkpoints are not regenerated" classname="course-generation-recovery.spec.ts" time="11.327">
<system-out>
<![CDATA[
[[ATTACHMENT|videos/course-generation-recovery-7052d-kpoints-are-not-regenerated-chromium/video.webm]]
]]>
</system-out>
</testcase>
<testcase name="two tabs: stale plan is never materialized" classname="course-generation-recovery.spec.ts" time="20.474">
<system-out>
<![CDATA[
[[ATTACHMENT|videos/course-generation-recovery-8ab7a--plan-is-never-materialized-chromium/video.webm]]

[[ATTACHMENT|videos/course-generation-recovery-8ab7a--plan-is-never-materialized-chromium/video-1.webm]]
]]>
</system-out>
</testcase>
<testcase name="failed publication: retry_publication republishes without regeneration" classname="course-generation-recovery.spec.ts" time="19.321">
<system-out>
<![CDATA[
[[ATTACHMENT|videos/course-generation-recovery-262ae-lishes-without-regeneration-chromium/video.webm]]
]]>
</system-out>
</testcase>
</testsuite>
<testsuite name="learner-journey.spec.ts" timestamp="2026-09-17T12:12:14.336Z" hostname="chromium" tests="2" failures="0" skipped="0" time="27.27" errors="0">
<testcase name="select, learn theory, practice, check and advance a course" classname="learner-journey.spec.ts" time="15.722">
<system-out>
<![CDATA[
[[ATTACHMENT|videos/learner-journey-select-lea-b6d13--check-and-advance-a-course-chromium/video.webm]]
]]>
</system-out>
</testcase>
<testcase name="mixed unit serves theory, quiz and code tabs in one workspace" classname="learner-journey.spec.ts" time="11.548">
<system-out>
<![CDATA[
[[ATTACHMENT|videos/learner-journey-mixed-unit-5c837--code-tabs-in-one-workspace-chromium/video.webm]]
]]>
</system-out>
</testcase>
</testsuite>
<testsuite name="mentor.spec.ts" timestamp="2026-09-17T12:12:14.336Z" hostname="chromium" tests="14" failures="0" skipped="0" time="208.513" errors="0">
<testcase name="new unit selects Rubric and keeps Mentor descendants hidden" classname="mentor.spec.ts" time="7.734">
<system-out>
<![CDATA[
[[ATTACHMENT|videos/mentor-new-unit-selects-Ru-6aba9-s-Mentor-descendants-hidden-chromium/video.webm]]
]]>
</system-out>
</testcase>
<testcase name="Mentor tab shows History, New chat, context chips and composer" classname="mentor.spec.ts" time="11.832">
<system-out>
<![CDATA[
[[ATTACHMENT|videos/mentor-Mentor-tab-shows-Hi-5ac6a--context-chips-and-composer-chromium/video.webm]]
]]>
</system-out>
</testcase>
<testcase name="New chat persists a durable thread that History can restore after reload" classname="mentor.spec.ts" time="23.313">
<system-out>
<![CDATA[
[[ATTACHMENT|videos/mentor-New-chat-persists-a-85405-ry-can-restore-after-reload-chromium/video.webm]]
]]>
</system-out>
</testcase>
<testcase name="context chips follow the workspace Theory, Quiz and Practice tabs" classname="mentor.spec.ts" time="7.819">
<system-out>
<![CDATA[
[[ATTACHMENT|videos/mentor-context-chips-follo-2e3a9-eory-Quiz-and-Practice-tabs-chromium/video.webm]]
]]>
</system-out>
</testcase>
<testcase name="cold transfer keeps Rubric selected and removes Mentor affordances" classname="mentor.spec.ts" time="7.52">
<system-out>
<![CDATA[
[[ATTACHMENT|videos/mentor-cold-transfer-keeps-18520--removes-Mentor-affordances-chromium/video.webm]]
]]>
</system-out>
</testcase>
<testcase name="pending human review suppresses Check and Next while Mentor stays available" classname="mentor.spec.ts" time="10.116">
<system-out>
<![CDATA[
[[ATTACHMENT|videos/mentor-pending-human-revie-75fd2-hile-Mentor-stays-available-chromium/video.webm]]
]]>
</system-out>
</testcase>
<testcase name="axe-core: Mentor tab and History dialog have zero accessibility violations" classname="mentor.spec.ts" time="13.063">
<system-out>
<![CDATA[
[[ATTACHMENT|videos/mentor-axe-core-Mentor-tab-59291-ro-accessibility-violations-chromium/video-1.webm]]

[[ATTACHMENT|videos/mentor-axe-core-Mentor-tab-59291-ro-accessibility-violations-chromium/video-2.webm]]

[[ATTACHMENT|videos/mentor-axe-core-Mentor-tab-59291-ro-accessibility-violations-chromium/video.webm]]
]]>
</system-out>
</testcase>
<testcase name="compact viewport keeps exactly three global choices and 44px Support targets" classname="mentor.spec.ts" time="11.908">
<system-out>
<![CDATA[
[[ATTACHMENT|videos/mentor-compact-viewport-ke-aa68b-es-and-44px-Support-targets-chromium/video.webm]]
]]>
</system-out>
</testcase>
<testcase name="narrow viewport History is a labelled drawer that closes on Escape" classname="mentor.spec.ts" time="10.658">
<system-out>
<![CDATA[
[[ATTACHMENT|videos/mentor-narrow-viewport-His-d77e0-rawer-that-closes-on-Escape-chromium/video.webm]]
]]>
</system-out>
</testcase>
<testcase name="send posts the help turn, streams the fake provider reply and marks it Saved" classname="mentor.spec.ts" time="13.014">
<system-out>
<![CDATA[
[[ATTACHMENT|videos/mentor-send-posts-the-help-06395-er-reply-and-marks-it-Saved-chromium/video.webm]]
]]>
</system-out>
</testcase>
<testcase name="New chat double activation creates at most one additional thread" classname="mentor.spec.ts" time="12.339">
<system-out>
<![CDATA[
[[ATTACHMENT|videos/mentor-New-chat-double-act-4495d--most-one-additional-thread-chromium/video.webm]]
]]>
</system-out>
</testcase>
<testcase name="practice answer turns stale after the workspace revision changes and a reload" classname="mentor.spec.ts" time="43.534">
<system-out>
<![CDATA[
[[ATTACHMENT|videos/mentor-practice-answer-tur-09d49-vision-changes-and-a-reload-chromium/video.webm]]
]]>
</system-out>
</testcase>
<testcase name="provider failure keeps the composer usable and a later send can succeed" classname="mentor.spec.ts" time="12.435">
<system-out>
<![CDATA[
[[ATTACHMENT|videos/mentor-provider-failure-ke-7877a-nd-a-later-send-can-succeed-chromium/video.webm]]
]]>
</system-out>
</testcase>
<testcase name="reload keeps the in-flight help operation identity for reconnect" classname="mentor.spec.ts" time="23.228">
<system-out>
<![CDATA[
[[ATTACHMENT|videos/mentor-reload-keeps-the-in-f0dd3-tion-identity-for-reconnect-chromium/video.webm]]
]]>
</system-out>
</testcase>
</testsuite>
<testsuite name="responsive-matrix.spec.ts" timestamp="2026-09-17T12:12:14.336Z" hostname="chromium" tests="4" failures="0" skipped="0" time="87.946" errors="0">
<testcase name="wide viewport (1440x900) › library and workspace fit without overflow and keep 44px targets" classname="responsive-matrix.spec.ts" time="27.748">
<system-out>
<![CDATA[
[[ATTACHMENT|videos/responsive-matrix-wide-vie-864bc-rflow-and-keep-44px-targets-chromium/video.webm]]
]]>
</system-out>
</testcase>
<testcase name="compact viewport (1024x768) › library and workspace fit without overflow and keep 44px targets" classname="responsive-matrix.spec.ts" time="29.306">
<system-out>
<![CDATA[
[[ATTACHMENT|videos/responsive-matrix-compact--3dcbe-rflow-and-keep-44px-targets-chromium/video.webm]]
]]>
</system-out>
</testcase>
<testcase name="narrow viewport (375x667) › library and workspace fit without overflow and keep 44px targets" classname="responsive-matrix.spec.ts" time="25.474">
<system-out>
<![CDATA[
[[ATTACHMENT|videos/responsive-matrix-narrow-v-8b822-rflow-and-keep-44px-targets-chromium/video.webm]]
]]>
</system-out>
</testcase>
<testcase name="narrow viewport: trust modal fits within screen bounds and dismisses on Escape" classname="responsive-matrix.spec.ts" time="5.418">
<system-out>
<![CDATA[
[[ATTACHMENT|videos/responsive-matrix-narrow-v-b7bda-nds-and-dismisses-on-Escape-chromium/video.webm]]
]]>
</system-out>
</testcase>
</testsuite>
<testsuite name="smoke.spec.ts" timestamp="2026-09-17T12:12:14.336Z" hostname="chromium" tests="1" failures="0" skipped="0" time="0.878" errors="0">
<testcase name="renders the learner SPA shell at /app/" classname="smoke.spec.ts" time="0.878">
<system-out>
<![CDATA[
[[ATTACHMENT|videos/smoke-renders-the-learner-SPA-shell-at-app--chromium/video.webm]]
]]>
</system-out>
</testcase>
</testsuite>
</testsuites>